[2017-07-16T17:21:13,461][INFO ][o.e.n.Node               ] [] initializing ...
[2017-07-16T17:21:14,301][INFO ][o.e.e.NodeEnvironment    ] [N9sZawi] using [1] data paths, mounts [[(E:)]], net usable_space [289.7gb], net total_space [365.7gb], spins? [unknown], types [NTFS]
[2017-07-16T17:21:14,302][INFO ][o.e.e.NodeEnvironment    ] [N9sZawi] heap size [1.7gb], compressed ordinary object pointers [true]
[2017-07-16T17:21:14,307][INFO ][o.e.n.Node               ] node name [N9sZawi] derived from node ID [N9sZawiUQz2l-uDcbqN5FQ]; set [node.name] to override
[2017-07-16T17:21:14,307][INFO ][o.e.n.Node               ] version[5.3.1-SNAPSHOT], pid[74420], build[Unknown/Unknown], OS[Windows 10/10.0/amd64], JVM[Oracle Corporation/Java HotSpot(TM) 64-Bit Server VM/1.8.0_111/25.111-b14]
[2017-07-16T17:21:14,308][WARN ][o.e.n.Node               ] version [5.3.1-SNAPSHOT] is a pre-release version of Elasticsearch and is not suitable for production
[2017-07-16T17:21:24,053][INFO ][o.e.p.PluginsService     ] [N9sZawi] loaded module [aggs-matrix-stats]
[2017-07-16T17:21:24,053][INFO ][o.e.p.PluginsService     ] [N9sZawi] loaded module [ingest-common]
[2017-07-16T17:21:24,053][INFO ][o.e.p.PluginsService     ] [N9sZawi] loaded module [lang-expression]
[2017-07-16T17:21:24,053][INFO ][o.e.p.PluginsService     ] [N9sZawi] loaded module [lang-groovy]
[2017-07-16T17:21:24,053][INFO ][o.e.p.PluginsService     ] [N9sZawi] loaded module [lang-mustache]
[2017-07-16T17:21:24,053][INFO ][o.e.p.PluginsService     ] [N9sZawi] loaded module [lang-painless]
[2017-07-16T17:21:24,054][INFO ][o.e.p.PluginsService     ] [N9sZawi] loaded module [percolator]
[2017-07-16T17:21:24,055][INFO ][o.e.p.PluginsService     ] [N9sZawi] loaded module [reindex]
[2017-07-16T17:21:24,055][INFO ][o.e.p.PluginsService     ] [N9sZawi] loaded module [transport-netty3]
[2017-07-16T17:21:24,055][INFO ][o.e.p.PluginsService     ] [N9sZawi] loaded module [transport-netty4]
[2017-07-16T17:21:24,056][INFO ][o.e.p.PluginsService     ] [N9sZawi] no plugins loaded
[2017-07-16T17:21:46,306][INFO ][o.e.n.Node               ] initialized
[2017-07-16T17:21:46,307][INFO ][o.e.n.Node               ] [N9sZawi] starting ...
[2017-07-16T17:21:46,567][INFO ][i.n.u.i.PlatformDependent] Your platform does not provide complete low-level API for accessing direct buffers reliably. Unless explicitly requested, heap buffer will always be preferred to avoid potential system unstability.
[2017-07-16T17:21:47,945][INFO ][o.e.t.TransportService   ] [N9sZawi] publish_address {127.0.0.1:9300}, bound_addresses {127.0.0.1:9300}, {[::1]:9300}
[2017-07-16T17:21:48,003][WARN ][o.e.b.BootstrapChecks    ] [N9sZawi] initial heap size [130023424] not equal to maximum heap size [2065694720]; this can cause resize pauses and prevents mlockall from locking the entire heap
[2017-07-16T17:21:51,572][INFO ][o.e.c.s.ClusterService   ] [N9sZawi] new_master {N9sZawi}{N9sZawiUQz2l-uDcbqN5FQ}{kBFpb9dUTLWnEmuhLmi4yQ}{127.0.0.1}{127.0.0.1:9300}, reason: zen-disco-elected-as-master ([0] nodes joined)
[2017-07-16T17:21:51,863][INFO ][o.e.g.GatewayService     ] [N9sZawi] recovered [0] indices into cluster_state
[2017-07-16T17:21:52,640][INFO ][o.e.h.n.Netty4HttpServerTransport] [N9sZawi] publish_address {127.0.0.1:9200}, bound_addresses {127.0.0.1:9200}, {[::1]:9200}
[2017-07-16T17:21:52,685][INFO ][o.e.n.Node               ] [N9sZawi] started
[2017-07-16T17:24:11,799][INFO ][o.e.c.m.MetaDataCreateIndexService] [N9sZawi] [psp] creating index, cause [auto(bulk api)], templates [], shards [5]/[1], mappings []
[2017-07-16T17:24:12,038][WARN ][r.suppressed             ] path: /psp/ppp/1, params: {index=psp, id=1, type=ppp}
java.lang.IllegalStateException: decision was not taken, individual object fields cannot be accessed
	at org.elasticsearch.cluster.routing.allocation.AbstractAllocationDecision.checkDecisionState(AbstractAllocationDecision.java:106) ~[main/:?]
	at org.elasticsearch.cluster.routing.allocation.AllocateUnassignedDecision.getAllocationDecision(AllocateUnassignedDecision.java:188) ~[main/:?]
	at org.elasticsearch.gateway.BaseGatewayShardAllocator.allocateUnassigned(BaseGatewayShardAllocator.java:65) ~[main/:?]
	at org.elasticsearch.gateway.GatewayAllocator.innerAllocatedUnassigned(GatewayAllocator.java:123) ~[main/:?]
	at org.elasticsearch.gateway.GatewayAllocator.allocateUnassigned(GatewayAllocator.java:112) ~[main/:?]
	at org.elasticsearch.cluster.routing.allocation.AllocationService.reroute(AllocationService.java:321) ~[main/:?]
	at org.elasticsearch.cluster.routing.allocation.AllocationService.reroute(AllocationService.java:290) ~[main/:?]
	at org.elasticsearch.cluster.routing.allocation.AllocationService.reroute(AllocationService.java:275) ~[main/:?]
	at org.elasticsearch.cluster.metadata.MetaDataCreateIndexService$1.execute(MetaDataCreateIndexService.java:466) ~[main/:?]
	at org.elasticsearch.cluster.ClusterStateUpdateTask.execute(ClusterStateUpdateTask.java:45) ~[main/:?]
	at org.elasticsearch.cluster.service.ClusterService.executeTasks(ClusterService.java:685) ~[main/:?]
	at org.elasticsearch.cluster.service.ClusterService.calculateTaskOutputs(ClusterService.java:664) ~[main/:?]
	at org.elasticsearch.cluster.service.ClusterService.runTasks(ClusterService.java:622) [main/:?]
	at org.elasticsearch.cluster.service.ClusterService$UpdateTask.run(ClusterService.java:1134) [main/:?]
	at org.elasticsearch.common.util.concurrent.ThreadContext$ContextPreservingRunnable.run(ThreadContext.java:569) [main/:?]
	at org.elasticsearch.common.util.concurrent.PrioritizedEsThreadPoolExecutor$TieBreakingPrioritizedRunnable.runAndClean(PrioritizedEsThreadPoolExecutor.java:238) [main/:?]
	at org.elasticsearch.common.util.concurrent.PrioritizedEsThreadPoolExecutor$TieBreakingPrioritizedRunnable.run(PrioritizedEsThreadPoolExecutor.java:201) [main/:?]
	at java.util.concurrent.ThreadPoolExecutor.runWorker(ThreadPoolExecutor.java:1142) [?:1.8.0_111]
	at java.util.concurrent.ThreadPoolExecutor$Worker.run(ThreadPoolExecutor.java:617) [?:1.8.0_111]
	at java.lang.Thread.run(Thread.java:745) [?:1.8.0_111]
[2017-07-16T17:26:08,445][INFO ][o.e.c.m.MetaDataCreateIndexService] [N9sZawi] [psp] creating index, cause [auto(bulk api)], templates [], shards [5]/[1], mappings []
[2017-07-16T17:26:08,447][WARN ][r.suppressed             ] path: /psp/ppp/1, params: {index=psp, id=1, type=ppp}
java.lang.IllegalStateException: decision was not taken, individual object fields cannot be accessed
	at org.elasticsearch.cluster.routing.allocation.AbstractAllocationDecision.checkDecisionState(AbstractAllocationDecision.java:106) ~[main/:?]
	at org.elasticsearch.cluster.routing.allocation.AllocateUnassignedDecision.getAllocationDecision(AllocateUnassignedDecision.java:188) ~[main/:?]
	at org.elasticsearch.gateway.BaseGatewayShardAllocator.allocateUnassigned(BaseGatewayShardAllocator.java:65) ~[main/:?]
	at org.elasticsearch.gateway.GatewayAllocator.innerAllocatedUnassigned(GatewayAllocator.java:123) ~[main/:?]
	at org.elasticsearch.gateway.GatewayAllocator.allocateUnassigned(GatewayAllocator.java:112) ~[main/:?]
	at org.elasticsearch.cluster.routing.allocation.AllocationService.reroute(AllocationService.java:321) ~[main/:?]
	at org.elasticsearch.cluster.routing.allocation.AllocationService.reroute(AllocationService.java:290) ~[main/:?]
	at org.elasticsearch.cluster.routing.allocation.AllocationService.reroute(AllocationService.java:275) ~[main/:?]
	at org.elasticsearch.cluster.metadata.MetaDataCreateIndexService$1.execute(MetaDataCreateIndexService.java:466) ~[main/:?]
	at org.elasticsearch.cluster.ClusterStateUpdateTask.execute(ClusterStateUpdateTask.java:45) ~[main/:?]
	at org.elasticsearch.cluster.service.ClusterService.executeTasks(ClusterService.java:685) ~[main/:?]
	at org.elasticsearch.cluster.service.ClusterService.calculateTaskOutputs(ClusterService.java:664) ~[main/:?]
	at org.elasticsearch.cluster.service.ClusterService.runTasks(ClusterService.java:622) [main/:?]
	at org.elasticsearch.cluster.service.ClusterService$UpdateTask.run(ClusterService.java:1134) [main/:?]
	at org.elasticsearch.common.util.concurrent.ThreadContext$ContextPreservingRunnable.run(ThreadContext.java:569) [main/:?]
	at org.elasticsearch.common.util.concurrent.PrioritizedEsThreadPoolExecutor$TieBreakingPrioritizedRunnable.runAndClean(PrioritizedEsThreadPoolExecutor.java:238) [main/:?]
	at org.elasticsearch.common.util.concurrent.PrioritizedEsThreadPoolExecutor$TieBreakingPrioritizedRunnable.run(PrioritizedEsThreadPoolExecutor.java:201) [main/:?]
	at java.util.concurrent.ThreadPoolExecutor.runWorker(ThreadPoolExecutor.java:1142) [?:1.8.0_111]
	at java.util.concurrent.ThreadPoolExecutor$Worker.run(ThreadPoolExecutor.java:617) [?:1.8.0_111]
	at java.lang.Thread.run(Thread.java:745) [?:1.8.0_111]
[2017-07-16T17:29:42,110][INFO ][o.e.c.m.MetaDataCreateIndexService] [N9sZawi] [ii] creating index, cause [auto(bulk api)], templates [], shards [5]/[1], mappings []
[2017-07-16T17:29:42,112][WARN ][r.suppressed             ] path: /ii/tt/3, params: {index=ii, id=3, type=tt}
java.lang.IllegalStateException: decision was not taken, individual object fields cannot be accessed
	at org.elasticsearch.cluster.routing.allocation.AbstractAllocationDecision.checkDecisionState(AbstractAllocationDecision.java:106) ~[main/:?]
	at org.elasticsearch.cluster.routing.allocation.AllocateUnassignedDecision.getAllocationDecision(AllocateUnassignedDecision.java:188) ~[main/:?]
	at org.elasticsearch.gateway.BaseGatewayShardAllocator.allocateUnassigned(BaseGatewayShardAllocator.java:65) ~[main/:?]
	at org.elasticsearch.gateway.GatewayAllocator.innerAllocatedUnassigned(GatewayAllocator.java:123) ~[main/:?]
	at org.elasticsearch.gateway.GatewayAllocator.allocateUnassigned(GatewayAllocator.java:112) ~[main/:?]
	at org.elasticsearch.cluster.routing.allocation.AllocationService.reroute(AllocationService.java:321) ~[main/:?]
	at org.elasticsearch.cluster.routing.allocation.AllocationService.reroute(AllocationService.java:290) ~[main/:?]
	at org.elasticsearch.cluster.routing.allocation.AllocationService.reroute(AllocationService.java:275) ~[main/:?]
	at org.elasticsearch.cluster.metadata.MetaDataCreateIndexService$1.execute(MetaDataCreateIndexService.java:466) ~[main/:?]
	at org.elasticsearch.cluster.ClusterStateUpdateTask.execute(ClusterStateUpdateTask.java:45) ~[main/:?]
	at org.elasticsearch.cluster.service.ClusterService.executeTasks(ClusterService.java:685) ~[main/:?]
	at org.elasticsearch.cluster.service.ClusterService.calculateTaskOutputs(ClusterService.java:664) ~[main/:?]
	at org.elasticsearch.cluster.service.ClusterService.runTasks(ClusterService.java:622) [main/:?]
	at org.elasticsearch.cluster.service.ClusterService$UpdateTask.run(ClusterService.java:1134) [main/:?]
	at org.elasticsearch.common.util.concurrent.ThreadContext$ContextPreservingRunnable.run(ThreadContext.java:569) [main/:?]
	at org.elasticsearch.common.util.concurrent.PrioritizedEsThreadPoolExecutor$TieBreakingPrioritizedRunnable.runAndClean(PrioritizedEsThreadPoolExecutor.java:238) [main/:?]
	at org.elasticsearch.common.util.concurrent.PrioritizedEsThreadPoolExecutor$TieBreakingPrioritizedRunnable.run(PrioritizedEsThreadPoolExecutor.java:201) [main/:?]
	at java.util.concurrent.ThreadPoolExecutor.runWorker(ThreadPoolExecutor.java:1142) [?:1.8.0_111]
	at java.util.concurrent.ThreadPoolExecutor$Worker.run(ThreadPoolExecutor.java:617) [?:1.8.0_111]
	at java.lang.Thread.run(Thread.java:745) [?:1.8.0_111]
[2017-07-16T17:40:29,912][INFO ][o.e.n.Node               ] [] initializing ...
[2017-07-16T17:40:30,120][INFO ][o.e.e.NodeEnvironment    ] [N9sZawi] using [1] data paths, mounts [[(E:)]], net usable_space [289.4gb], net total_space [365.7gb], spins? [unknown], types [NTFS]
[2017-07-16T17:40:30,120][INFO ][o.e.e.NodeEnvironment    ] [N9sZawi] heap size [1.7gb], compressed ordinary object pointers [true]
[2017-07-16T17:40:30,136][INFO ][o.e.n.Node               ] node name [N9sZawi] derived from node ID [N9sZawiUQz2l-uDcbqN5FQ]; set [node.name] to override
[2017-07-16T17:40:30,136][INFO ][o.e.n.Node               ] version[5.3.1-SNAPSHOT], pid[73148], build[Unknown/Unknown], OS[Windows 10/10.0/amd64], JVM[Oracle Corporation/Java HotSpot(TM) 64-Bit Server VM/1.8.0_111/25.111-b14]
[2017-07-16T17:40:30,136][WARN ][o.e.n.Node               ] version [5.3.1-SNAPSHOT] is a pre-release version of Elasticsearch and is not suitable for production
[2017-07-16T17:40:37,806][INFO ][o.e.p.PluginsService     ] [N9sZawi] loaded module [aggs-matrix-stats]
[2017-07-16T17:40:37,806][INFO ][o.e.p.PluginsService     ] [N9sZawi] loaded module [ingest-common]
[2017-07-16T17:40:37,806][INFO ][o.e.p.PluginsService     ] [N9sZawi] loaded module [lang-expression]
[2017-07-16T17:40:37,806][INFO ][o.e.p.PluginsService     ] [N9sZawi] loaded module [lang-groovy]
[2017-07-16T17:40:37,806][INFO ][o.e.p.PluginsService     ] [N9sZawi] loaded module [lang-mustache]
[2017-07-16T17:40:37,806][INFO ][o.e.p.PluginsService     ] [N9sZawi] loaded module [lang-painless]
[2017-07-16T17:40:37,806][INFO ][o.e.p.PluginsService     ] [N9sZawi] loaded module [percolator]
[2017-07-16T17:40:37,806][INFO ][o.e.p.PluginsService     ] [N9sZawi] loaded module [reindex]
[2017-07-16T17:40:37,806][INFO ][o.e.p.PluginsService     ] [N9sZawi] loaded module [transport-netty3]
[2017-07-16T17:40:37,806][INFO ][o.e.p.PluginsService     ] [N9sZawi] loaded module [transport-netty4]
[2017-07-16T17:40:37,806][INFO ][o.e.p.PluginsService     ] [N9sZawi] no plugins loaded
[2017-07-16T17:40:42,662][INFO ][o.e.n.Node               ] initialized
[2017-07-16T17:40:42,662][INFO ][o.e.n.Node               ] [N9sZawi] starting ...
[2017-07-16T17:40:42,709][INFO ][i.n.u.i.PlatformDependent] Your platform does not provide complete low-level API for accessing direct buffers reliably. Unless explicitly requested, heap buffer will always be preferred to avoid potential system unstability.
[2017-07-16T17:40:43,853][INFO ][o.e.t.TransportService   ] [N9sZawi] publish_address {127.0.0.1:9300}, bound_addresses {127.0.0.1:9300}, {[::1]:9300}
[2017-07-16T17:40:43,853][WARN ][o.e.b.BootstrapChecks    ] [N9sZawi] initial heap size [130023424] not equal to maximum heap size [2065694720]; this can cause resize pauses and prevents mlockall from locking the entire heap
[2017-07-16T17:40:46,940][INFO ][o.e.c.s.ClusterService   ] [N9sZawi] new_master {N9sZawi}{N9sZawiUQz2l-uDcbqN5FQ}{Vldgobk_RS-pATxAPAYZOw}{127.0.0.1}{127.0.0.1:9300}, reason: zen-disco-elected-as-master ([0] nodes joined)
[2017-07-16T17:40:47,049][INFO ][o.e.g.GatewayService     ] [N9sZawi] recovered [0] indices into cluster_state
[2017-07-16T17:40:47,650][INFO ][o.e.h.n.Netty4HttpServerTransport] [N9sZawi] publish_address {127.0.0.1:9200}, bound_addresses {127.0.0.1:9200}, {[::1]:9200}
[2017-07-16T17:40:47,650][INFO ][o.e.n.Node               ] [N9sZawi] started
[2017-07-16T17:43:24,219][INFO ][o.e.c.m.MetaDataCreateIndexService] [N9sZawi] [index111] creating index, cause [api], templates [], shards [5]/[1], mappings []
[2017-07-16T17:43:24,250][WARN ][r.suppressed             ] path: /index111, params: {index=index111}
java.lang.IllegalStateException: decision was not taken, individual object fields cannot be accessed
	at org.elasticsearch.cluster.routing.allocation.AbstractAllocationDecision.checkDecisionState(AbstractAllocationDecision.java:106) ~[main/:?]
	at org.elasticsearch.cluster.routing.allocation.AllocateUnassignedDecision.getAllocationDecision(AllocateUnassignedDecision.java:188) ~[main/:?]
	at org.elasticsearch.gateway.BaseGatewayShardAllocator.allocateUnassigned(BaseGatewayShardAllocator.java:65) ~[main/:?]
	at org.elasticsearch.gateway.GatewayAllocator.innerAllocatedUnassigned(GatewayAllocator.java:123) ~[main/:?]
	at org.elasticsearch.gateway.GatewayAllocator.allocateUnassigned(GatewayAllocator.java:112) ~[main/:?]
	at org.elasticsearch.cluster.routing.allocation.AllocationService.reroute(AllocationService.java:321) ~[main/:?]
	at org.elasticsearch.cluster.routing.allocation.AllocationService.reroute(AllocationService.java:290) ~[main/:?]
	at org.elasticsearch.cluster.routing.allocation.AllocationService.reroute(AllocationService.java:275) ~[main/:?]
	at org.elasticsearch.cluster.metadata.MetaDataCreateIndexService$1.execute(MetaDataCreateIndexService.java:466) ~[main/:?]
	at org.elasticsearch.cluster.ClusterStateUpdateTask.execute(ClusterStateUpdateTask.java:45) ~[main/:?]
	at org.elasticsearch.cluster.service.ClusterService.executeTasks(ClusterService.java:685) ~[main/:?]
	at org.elasticsearch.cluster.service.ClusterService.calculateTaskOutputs(ClusterService.java:664) ~[main/:?]
	at org.elasticsearch.cluster.service.ClusterService.runTasks(ClusterService.java:622) [main/:?]
	at org.elasticsearch.cluster.service.ClusterService$UpdateTask.run(ClusterService.java:1134) [main/:?]
	at org.elasticsearch.common.util.concurrent.ThreadContext$ContextPreservingRunnable.run(ThreadContext.java:569) [main/:?]
	at org.elasticsearch.common.util.concurrent.PrioritizedEsThreadPoolExecutor$TieBreakingPrioritizedRunnable.runAndClean(PrioritizedEsThreadPoolExecutor.java:238) [main/:?]
	at org.elasticsearch.common.util.concurrent.PrioritizedEsThreadPoolExecutor$TieBreakingPrioritizedRunnable.run(PrioritizedEsThreadPoolExecutor.java:201) [main/:?]
	at java.util.concurrent.ThreadPoolExecutor.runWorker(ThreadPoolExecutor.java:1142) [?:1.8.0_111]
	at java.util.concurrent.ThreadPoolExecutor$Worker.run(ThreadPoolExecutor.java:617) [?:1.8.0_111]
	at java.lang.Thread.run(Thread.java:745) [?:1.8.0_111]
[2017-07-16T17:43:24,289][INFO ][o.e.c.m.MetaDataCreateIndexService] [N9sZawi] [index111] creating index, cause [api], templates [], shards [5]/[1], mappings []
[2017-07-16T17:43:24,292][WARN ][r.suppressed             ] path: /index111, params: {index=index111}
java.lang.IllegalStateException: decision was not taken, individual object fields cannot be accessed
	at org.elasticsearch.cluster.routing.allocation.AbstractAllocationDecision.checkDecisionState(AbstractAllocationDecision.java:106) ~[main/:?]
	at org.elasticsearch.cluster.routing.allocation.AllocateUnassignedDecision.getAllocationDecision(AllocateUnassignedDecision.java:188) ~[main/:?]
	at org.elasticsearch.gateway.BaseGatewayShardAllocator.allocateUnassigned(BaseGatewayShardAllocator.java:65) ~[main/:?]
	at org.elasticsearch.gateway.GatewayAllocator.innerAllocatedUnassigned(GatewayAllocator.java:123) ~[main/:?]
	at org.elasticsearch.gateway.GatewayAllocator.allocateUnassigned(GatewayAllocator.java:112) ~[main/:?]
	at org.elasticsearch.cluster.routing.allocation.AllocationService.reroute(AllocationService.java:321) ~[main/:?]
	at org.elasticsearch.cluster.routing.allocation.AllocationService.reroute(AllocationService.java:290) ~[main/:?]
	at org.elasticsearch.cluster.routing.allocation.AllocationService.reroute(AllocationService.java:275) ~[main/:?]
	at org.elasticsearch.cluster.metadata.MetaDataCreateIndexService$1.execute(MetaDataCreateIndexService.java:466) ~[main/:?]
	at org.elasticsearch.cluster.ClusterStateUpdateTask.execute(ClusterStateUpdateTask.java:45) ~[main/:?]
	at org.elasticsearch.cluster.service.ClusterService.executeTasks(ClusterService.java:685) ~[main/:?]
	at org.elasticsearch.cluster.service.ClusterService.calculateTaskOutputs(ClusterService.java:664) ~[main/:?]
	at org.elasticsearch.cluster.service.ClusterService.runTasks(ClusterService.java:622) [main/:?]
	at org.elasticsearch.cluster.service.ClusterService$UpdateTask.run(ClusterService.java:1134) [main/:?]
	at org.elasticsearch.common.util.concurrent.ThreadContext$ContextPreservingRunnable.run(ThreadContext.java:569) [main/:?]
	at org.elasticsearch.common.util.concurrent.PrioritizedEsThreadPoolExecutor$TieBreakingPrioritizedRunnable.runAndClean(PrioritizedEsThreadPoolExecutor.java:238) [main/:?]
	at org.elasticsearch.common.util.concurrent.PrioritizedEsThreadPoolExecutor$TieBreakingPrioritizedRunnable.run(PrioritizedEsThreadPoolExecutor.java:201) [main/:?]
	at java.util.concurrent.ThreadPoolExecutor.runWorker(ThreadPoolExecutor.java:1142) [?:1.8.0_111]
	at java.util.concurrent.ThreadPoolExecutor$Worker.run(ThreadPoolExecutor.java:617) [?:1.8.0_111]
	at java.lang.Thread.run(Thread.java:745) [?:1.8.0_111]
